2014-09-13 14:57:16.715  INFO 7196 [main] --- c.a.apps.kitchenbattle.Application       : Starting Application on mima-ws-122 with PID 7196 (C:\development\projects\kitchenbattle\kitchenbattle-web\target\classes started by pado in C:\development\projects\kitchenbattle)
2014-09-13 14:57:16.861  INFO 7196 [main] --- ationConfigEmbeddedWebApplicationContext : Refreshing org.springframework.boot.context.embedded.AnnotationConfigEmbeddedWebApplicationContext@710636b0: startup date [Sat Sep 13 14:57:16 CEST 2014]; root of context hierarchy
2014-09-13 14:57:28.450  INFO 7408 [main] --- c.a.apps.kitchenbattle.Application       : Starting Application on mima-ws-122 with PID 7408 (C:\development\projects\kitchenbattle\kitchenbattle-web\target\classes started by pado in C:\development\projects\kitchenbattle)
2014-09-13 14:57:28.630  INFO 7408 [main] --- ationConfigEmbeddedWebApplicationContext : Refreshing org.springframework.boot.context.embedded.AnnotationConfigEmbeddedWebApplicationContext@710636b0: startup date [Sat Sep 13 14:57:28 CEST 2014]; root of context hierarchy
2014-09-13 14:57:31.788  INFO 7408 [main] --- o.s.b.f.s.DefaultListableBeanFactory     : Overriding bean definition for bean 'ignoredPathsWebSecurityConfigurerAdapter': replacing [Root bean: class [null]; scope=; abstract=false; lazyInit=false; autowireMode=3; dependencyCheck=0; autowireCandidate=true; primary=false; factoryBeanName=org.springframework.boot.autoconfigure.security.SpringBootWebSecurityConfiguration; factoryMethodName=ignoredPathsWebSecurityConfigurerAdapter; initMethodName=null; destroyMethodName=(inferred); defined in class path resource [org/springframework/boot/autoconfigure/security/SpringBootWebSecurityConfiguration.class]] with [Root bean: class [null]; scope=; abstract=false; lazyInit=false; autowireMode=3; dependencyCheck=0; autowireCandidate=true; primary=false; factoryBeanName=org.springframework.boot.actuate.autoconfigure.ManagementSecurityAutoConfiguration; factoryMethodName=ignoredPathsWebSecurityConfigurerAdapter; initMethodName=null; destroyMethodName=(inferred); defined in class path resource [org/springframework/boot/actuate/autoconfigure/ManagementSecurityAutoConfiguration.class]]
2014-09-13 14:57:33.343  INFO 7408 [main] --- trationDelegate$BeanPostProcessorChecker : Bean 'org.springframework.security.config.annotation.configuration.ObjectPostProcessorConfiguration' of type [class org.springframework.security.config.annotation.configuration.ObjectPostProcessorConfiguration$$EnhancerBySpringCGLIB$$48c737b2] is not eligible for getting processed by all BeanPostProcessors (for example: not eligible for auto-proxying)
2014-09-13 14:57:33.376  INFO 7408 [main] --- trationDelegate$BeanPostProcessorChecker : Bean 'objectPostProcessor' of type [class org.springframework.security.config.annotation.configuration.AutowireBeanFactoryObjectPostProcessor] is not eligible for getting processed by all BeanPostProcessors (for example: not eligible for auto-proxying)
2014-09-13 14:57:33.379  INFO 7408 [main] --- trationDelegate$BeanPostProcessorChecker : Bean 'org.springframework.security.access.expression.method.DefaultMethodSecurityExpressionHandler@a33b4e3' of type [class org.springframework.security.access.expression.method.DefaultMethodSecurityExpressionHandler] is not eligible for getting processed by all BeanPostProcessors (for example: not eligible for auto-proxying)
2014-09-13 14:57:33.455  INFO 7408 [main] --- trationDelegate$BeanPostProcessorChecker : Bean 'customSecurityConfig' of type [class ch.adrianos.apps.kitchenbattle.config.CustomSecurityConfig$$EnhancerBySpringCGLIB$$629d6c8] is not eligible for getting processed by all BeanPostProcessors (for example: not eligible for auto-proxying)
2014-09-13 14:57:33.466  INFO 7408 [main] --- trationDelegate$BeanPostProcessorChecker : Bean 'authenticationSecurity' of type [class ch.adrianos.apps.kitchenbattle.config.CustomSecurityConfig$AuthenticationSecurity] is not eligible for getting processed by all BeanPostProcessors (for example: not eligible for auto-proxying)
2014-09-13 14:57:33.492  INFO 7408 [main] --- trationDelegate$BeanPostProcessorChecker : Bean 'org.springframework.boot.autoconfigure.security.SecurityAutoConfiguration' of type [class org.springframework.boot.autoconfigure.security.SecurityAutoConfiguration$$EnhancerBySpringCGLIB$$da5d78e2] is not eligible for getting processed by all BeanPostProcessors (for example: not eligible for auto-proxying)
2014-09-13 14:57:34.324  INFO 7408 [main] --- trationDelegate$BeanPostProcessorChecker : Bean 'securityProperties' of type [class org.springframework.boot.autoconfigure.security.SecurityProperties] is not eligible for getting processed by all BeanPostProcessors (for example: not eligible for auto-proxying)
2014-09-13 14:57:34.374  INFO 7408 [main] --- trationDelegate$BeanPostProcessorChecker : Bean 'org.springframework.boot.actuate.autoconfigure.ManagementServerPropertiesAutoConfiguration' of type [class org.springframework.boot.actuate.autoconfigure.ManagementServerPropertiesAutoConfiguration$$EnhancerBySpringCGLIB$$9c04fc40] is not eligible for getting processed by all BeanPostProcessors (for example: not eligible for auto-proxying)
2014-09-13 14:57:34.667  INFO 7408 [main] --- trationDelegate$BeanPostProcessorChecker : Bean 'org.hibernate.validator.internal.constraintvalidators.NotNullValidator' of type [class org.hibernate.validator.internal.constraintvalidators.NotNullValidator] is not eligible for getting processed by all BeanPostProcessors (for example: not eligible for auto-proxying)
2014-09-13 14:57:34.669  INFO 7408 [main] --- trationDelegate$BeanPostProcessorChecker : Bean 'managementServerProperties' of type [class org.springframework.boot.actuate.autoconfigure.ManagementServerProperties] is not eligible for getting processed by all BeanPostProcessors (for example: not eligible for auto-proxying)
2014-09-13 14:57:34.671  INFO 7408 [main] --- trationDelegate$BeanPostProcessorChecker : Bean 'org.springframework.boot.actuate.autoconfigure.ManagementSecurityAutoConfiguration$ManagementSecurityPropertiesConfiguration' of type [class org.springframework.boot.actuate.autoconfigure.ManagementSecurityAutoConfiguration$ManagementSecurityPropertiesConfiguration$$EnhancerBySpringCGLIB$$3cca0532] is not eligible for getting processed by all BeanPostProcessors (for example: not eligible for auto-proxying)
2014-09-13 14:57:34.773  INFO 7408 [main] --- trationDelegate$BeanPostProcessorChecker : Bean 'authenticationEventPublisher' of type [class org.springframework.security.authentication.DefaultAuthenticationEventPublisher] is not eligible for getting processed by all BeanPostProcessors (for example: not eligible for auto-proxying)
2014-09-13 14:57:34.774  INFO 7408 [main] --- trationDelegate$BeanPostProcessorChecker : Bean 'org.springframework.boot.autoconfigure.security.AuthenticationManagerConfiguration' of type [class org.springframework.boot.autoconfigure.security.AuthenticationManagerConfiguration$$EnhancerBySpringCGLIB$$2fb96820] is not eligible for getting processed by all BeanPostProcessors (for example: not eligible for auto-proxying)
2014-09-13 14:57:34.775  INFO 7408 [main] --- trationDelegate$BeanPostProcessorChecker : Bean 'org.springframework.security.config.annotation.authentication.configuration.AuthenticationConfiguration' of type [class org.springframework.security.config.annotation.authentication.configuration.AuthenticationConfiguration$$EnhancerBySpringCGLIB$$3e08d367] is not eligible for getting processed by all BeanPostProcessors (for example: not eligible for auto-proxying)
2014-09-13 14:57:34.776  INFO 7408 [main] --- trationDelegate$BeanPostProcessorChecker : Bean 'org.springframework.security.config.annotation.method.configuration.GlobalMethodSecurityConfiguration' of type [class org.springframework.security.config.annotation.method.configuration.GlobalMethodSecurityConfiguration$$EnhancerBySpringCGLIB$$d0fc8ee4] is not eligible for getting processed by all BeanPostProcessors (for example: not eligible for auto-proxying)
2014-09-13 14:57:34.811  INFO 7408 [main] --- trationDelegate$BeanPostProcessorChecker : Bean 'methodSecurityMetadataSource' of type [class org.springframework.security.access.method.DelegatingMethodSecurityMetadataSource] is not eligible for getting processed by all BeanPostProcessors (for example: not eligible for auto-proxying)
2014-09-13 14:57:34.829  INFO 7408 [main] --- trationDelegate$BeanPostProcessorChecker : Bean 'metaDataSourceAdvisor' of type [class org.springframework.security.access.intercept.aopalliance.MethodSecurityMetadataSourceAdvisor] is not eligible for getting processed by all BeanPostProcessors (for example: not eligible for auto-proxying)
2014-09-13 14:57:34.862  INFO 7408 [main] --- trationDelegate$BeanPostProcessorChecker : Bean 'org.springframework.transaction.annotation.ProxyTransactionManagementConfiguration' of type [class org.springframework.transaction.annotation.ProxyTransactionManagementConfiguration$$EnhancerBySpringCGLIB$$7b2c38f8] is not eligible for getting processed by all BeanPostProcessors (for example: not eligible for auto-proxying)
2014-09-13 14:57:34.914  INFO 7408 [main] --- trationDelegate$BeanPostProcessorChecker : Bean 'transactionAttributeSource' of type [class org.springframework.transaction.annotation.AnnotationTransactionAttributeSource] is not eligible for getting processed by all BeanPostProcessors (for example: not eligible for auto-proxying)
2014-09-13 14:57:34.941  INFO 7408 [main] --- trationDelegate$BeanPostProcessorChecker : Bean 'transactionInterceptor' of type [class org.springframework.transaction.interceptor.TransactionInterceptor] is not eligible for getting processed by all BeanPostProcessors (for example: not eligible for auto-proxying)
2014-09-13 14:57:34.952  INFO 7408 [main] --- trationDelegate$BeanPostProcessorChecker : Bean 'org.springframework.transaction.config.internalTransactionAdvisor' of type [class org.springframework.transaction.interceptor.BeanFactoryTransactionAttributeSourceAdvisor] is not eligible for getting processed by all BeanPostProcessors (for example: not eligible for auto-proxying)
2014-09-13 14:57:35.931  INFO 7408 [main] --- .t.TomcatEmbeddedServletContainerFactory : Server initialized with port: 8080
2014-09-13 14:57:36.348  INFO 7408 [main] --- o.apache.catalina.core.StandardService   : Starting service Tomcat
2014-09-13 14:57:36.351  INFO 7408 [main] --- org.apache.catalina.core.StandardEngine  : Starting Servlet Engine: Apache Tomcat/7.0.55
2014-09-13 14:57:36.584  INFO 7408 [localhost-startStop-1] --- o.a.c.c.C.[Tomcat].[localhost].[/]       : Initializing Spring embedded WebApplicationContext
2014-09-13 14:57:36.585  INFO 7408 [localhost-startStop-1] --- o.s.web.context.ContextLoader            : Root WebApplicationContext: initialization completed in 7968 ms
2014-09-13 14:57:39.809  INFO 7408 [localhost-startStop-1] --- o.s.b.a.e.mvc.EndpointHandlerMapping     : Mapped "{[/manage/beans],methods=[GET],params=[],headers=[],consumes=[],produces=[],custom=[]}" onto public java.lang.Object org.springframework.boot.actuate.endpoint.mvc.EndpointMvcAdapter.invoke()
2014-09-13 14:57:39.809  INFO 7408 [localhost-startStop-1] --- o.s.b.a.e.mvc.EndpointHandlerMapping     : Mapped "{[/manage/info],methods=[GET],params=[],headers=[],consumes=[],produces=[],custom=[]}" onto public java.lang.Object org.springframework.boot.actuate.endpoint.mvc.EndpointMvcAdapter.invoke()
2014-09-13 14:57:39.809  INFO 7408 [localhost-startStop-1] --- o.s.b.a.e.mvc.EndpointHandlerMapping     : Mapped "{[/manage/trace],methods=[GET],params=[],headers=[],consumes=[],produces=[],custom=[]}" onto public java.lang.Object org.springframework.boot.actuate.endpoint.mvc.EndpointMvcAdapter.invoke()
2014-09-13 14:57:39.810  INFO 7408 [localhost-startStop-1] --- o.s.b.a.e.mvc.EndpointHandlerMapping     : Mapped "{[/manage/env/{name:.*}],methods=[GET],params=[],headers=[],consumes=[],produces=[],custom=[]}" onto public java.lang.Object org.springframework.boot.actuate.endpoint.mvc.EnvironmentMvcEndpoint.value(java.lang.String)
2014-09-13 14:57:39.810  INFO 7408 [localhost-startStop-1] --- o.s.b.a.e.mvc.EndpointHandlerMapping     : Mapped "{[/manage/env],methods=[GET],params=[],headers=[],consumes=[],produces=[],custom=[]}" onto public java.lang.Object org.springframework.boot.actuate.endpoint.mvc.EndpointMvcAdapter.invoke()
2014-09-13 14:57:39.811  INFO 7408 [localhost-startStop-1] --- o.s.b.a.e.mvc.EndpointHandlerMapping     : Mapped "{[/manage/health],methods=[],params=[],headers=[],consumes=[],produces=[],custom=[]}" onto public java.lang.Object org.springframework.boot.actuate.endpoint.mvc.HealthMvcEndpoint.invoke()
2014-09-13 14:57:39.811  INFO 7408 [localhost-startStop-1] --- o.s.b.a.e.mvc.EndpointHandlerMapping     : Mapped "{[/manage/autoconfig],methods=[GET],params=[],headers=[],consumes=[],produces=[],custom=[]}" onto public java.lang.Object org.springframework.boot.actuate.endpoint.mvc.EndpointMvcAdapter.invoke()
2014-09-13 14:57:39.812  INFO 7408 [localhost-startStop-1] --- o.s.b.a.e.mvc.EndpointHandlerMapping     : Mapped "{[/manage/metrics/{name:.*}],methods=[GET],params=[],headers=[],consumes=[],produces=[],custom=[]}" onto public java.lang.Object org.springframework.boot.actuate.endpoint.mvc.MetricsMvcEndpoint.value(java.lang.String)
2014-09-13 14:57:39.812  INFO 7408 [localhost-startStop-1] --- o.s.b.a.e.mvc.EndpointHandlerMapping     : Mapped "{[/manage/metrics],methods=[GET],params=[],headers=[],consumes=[],produces=[],custom=[]}" onto public java.lang.Object org.springframework.boot.actuate.endpoint.mvc.EndpointMvcAdapter.invoke()
2014-09-13 14:57:39.812  INFO 7408 [localhost-startStop-1] --- o.s.b.a.e.mvc.EndpointHandlerMapping     : Mapped "{[/manage/dump],methods=[GET],params=[],headers=[],consumes=[],produces=[],custom=[]}" onto public java.lang.Object org.springframework.boot.actuate.endpoint.mvc.EndpointMvcAdapter.invoke()
2014-09-13 14:57:39.812  INFO 7408 [localhost-startStop-1] --- o.s.b.a.e.mvc.EndpointHandlerMapping     : Mapped "{[/manage/mappings],methods=[GET],params=[],headers=[],consumes=[],produces=[],custom=[]}" onto public java.lang.Object org.springframework.boot.actuate.endpoint.mvc.EndpointMvcAdapter.invoke()
2014-09-13 14:57:39.812  INFO 7408 [localhost-startStop-1] --- o.s.b.a.e.mvc.EndpointHandlerMapping     : Mapped "{[/manage/configprops],methods=[GET],params=[],headers=[],consumes=[],produces=[],custom=[]}" onto public java.lang.Object org.springframework.boot.actuate.endpoint.mvc.EndpointMvcAdapter.invoke()
2014-09-13 14:57:40.002  INFO 7408 [localhost-startStop-1] --- o.s.s.web.DefaultSecurityFilterChain     : Creating filter chain: Ant [pattern='/css/**'], []
2014-09-13 14:57:40.002  INFO 7408 [localhost-startStop-1] --- o.s.s.web.DefaultSecurityFilterChain     : Creating filter chain: Ant [pattern='/js/**'], []
2014-09-13 14:57:40.002  INFO 7408 [localhost-startStop-1] --- o.s.s.web.DefaultSecurityFilterChain     : Creating filter chain: Ant [pattern='/images/**'], []
2014-09-13 14:57:40.002  INFO 7408 [localhost-startStop-1] --- o.s.s.web.DefaultSecurityFilterChain     : Creating filter chain: Ant [pattern='/**/favicon.ico'], []
2014-09-13 14:57:40.003  INFO 7408 [localhost-startStop-1] --- o.s.s.web.DefaultSecurityFilterChain     : Creating filter chain: Ant [pattern='/manage/info'], []
2014-09-13 14:57:40.003  INFO 7408 [localhost-startStop-1] --- o.s.s.web.DefaultSecurityFilterChain     : Creating filter chain: Ant [pattern='/manage/health'], []
2014-09-13 14:57:40.003  INFO 7408 [localhost-startStop-1] --- o.s.s.web.DefaultSecurityFilterChain     : Creating filter chain: Ant [pattern='/error'], []
2014-09-13 14:57:40.003  INFO 7408 [localhost-startStop-1] --- o.s.s.web.DefaultSecurityFilterChain     : Creating filter chain: Ant [pattern='/images/**'], []
2014-09-13 14:57:40.003  INFO 7408 [localhost-startStop-1] --- o.s.s.web.DefaultSecurityFilterChain     : Creating filter chain: Ant [pattern='/styles/**'], []
2014-09-13 14:57:40.003  INFO 7408 [localhost-startStop-1] --- o.s.s.web.DefaultSecurityFilterChain     : Creating filter chain: Ant [pattern='/vendor/**'], []
2014-09-13 14:57:40.033  INFO 7408 [localhost-startStop-1] --- o.s.s.web.DefaultSecurityFilterChain     : Creating filter chain: OrRequestMatcher [requestMatchers=[Ant [pattern='/manage/beans'], Ant [pattern='/manage/beans/'], Ant [pattern='/manage/beans.*'], Ant [pattern='/manage/trace'], Ant [pattern='/manage/trace/'], Ant [pattern='/manage/trace.*'], Ant [pattern='/manage/env'], Ant [pattern='/manage/env/'], Ant [pattern='/manage/env.*'], Ant [pattern='/manage/autoconfig'], Ant [pattern='/manage/autoconfig/'], Ant [pattern='/manage/autoconfig.*'], Ant [pattern='/manage/metrics'], Ant [pattern='/manage/metrics/'], Ant [pattern='/manage/metrics.*'], Ant [pattern='/manage/dump'], Ant [pattern='/manage/dump/'], Ant [pattern='/manage/dump.*'], Ant [pattern='/manage/mappings'], Ant [pattern='/manage/mappings/'], Ant [pattern='/manage/mappings.*'], Ant [pattern='/manage/configprops'], Ant [pattern='/manage/configprops/'], Ant [pattern='/manage/configprops.*']]], [org.springframework.security.web.context.request.async.WebAsyncManagerIntegrationFilter@38b0531d, org.springframework.security.web.context.SecurityContextPersistenceFilter@f24d568, org.springframework.security.web.header.HeaderWriterFilter@2afef3ca, org.springframework.security.web.authentication.logout.LogoutFilter@195f144b, org.springframework.security.web.authentication.www.BasicAuthenticationFilter@106d2002, org.springframework.security.web.savedrequest.RequestCacheAwareFilter@22050a2e, org.springframework.security.web.servletapi.SecurityContextHolderAwareRequestFilter@5b76bcec, org.springframework.security.web.session.SessionManagementFilter@480dca9c, org.springframework.security.web.access.ExceptionTranslationFilter@3c06dc7d, org.springframework.security.web.access.intercept.FilterSecurityInterceptor@62d5e928]
2014-09-13 14:57:40.049  INFO 7408 [localhost-startStop-1] --- o.s.s.web.DefaultSecurityFilterChain     : Creating filter chain: org.springframework.security.web.util.matcher.AnyRequestMatcher@1, [org.springframework.security.web.context.request.async.WebAsyncManagerIntegrationFilter@6a4ba84, org.springframework.security.web.context.SecurityContextPersistenceFilter@3790af1d, org.springframework.security.web.header.HeaderWriterFilter@373e8b27, org.springframework.security.web.authentication.logout.LogoutFilter@2b12cd69, org.springframework.security.web.authentication.UsernamePasswordAuthenticationFilter@1beb8c73, org.springframework.security.web.savedrequest.RequestCacheAwareFilter@2a5b6b55, org.springframework.security.web.servletapi.SecurityContextHolderAwareRequestFilter@697faa8a, org.springframework.security.web.authentication.AnonymousAuthenticationFilter@34bd52b1, org.springframework.security.web.session.SessionManagementFilter@7a471d19, org.springframework.security.web.access.ExceptionTranslationFilter@52751ad7, org.springframework.security.web.access.intercept.FilterSecurityInterceptor@414389e5]
2014-09-13 14:57:40.052  INFO 7408 [localhost-startStop-1] --- o.s.s.web.DefaultSecurityFilterChain     : Creating filter chain: OrRequestMatcher [requestMatchers=[Ant [pattern='/**']]], [org.springframework.security.web.context.request.async.WebAsyncManagerIntegrationFilter@1394abaf, org.springframework.security.web.context.SecurityContextPersistenceFilter@f7e035, org.springframework.security.web.header.HeaderWriterFilter@7af90abe, org.springframework.security.web.authentication.logout.LogoutFilter@1e4ad328, org.springframework.security.web.authentication.www.BasicAuthenticationFilter@21836e9c, org.springframework.security.web.savedrequest.RequestCacheAwareFilter@2d823992, org.springframework.security.web.servletapi.SecurityContextHolderAwareRequestFilter@1f9c7a66, org.springframework.security.web.authentication.AnonymousAuthenticationFilter@298817f, org.springframework.security.web.session.SessionManagementFilter@4a397dc0, org.springframework.security.web.access.ExceptionTranslationFilter@23d1d128, org.springframework.security.web.access.intercept.FilterSecurityInterceptor@2959d796]
2014-09-13 14:57:40.168  INFO 7408 [localhost-startStop-1] --- o.s.b.c.e.ServletRegistrationBean        : Mapping servlet: 'dispatcherServlet' to [/]
2014-09-13 14:57:40.172  INFO 7408 [localhost-startStop-1] --- o.s.b.c.embedded.FilterRegistrationBean  : Mapping filter: 'metricFilter' to: [/*]
2014-09-13 14:57:40.173  INFO 7408 [localhost-startStop-1] --- o.s.b.c.embedded.FilterRegistrationBean  : Mapping filter: 'hiddenHttpMethodFilter' to: [/*]
2014-09-13 14:57:40.173  INFO 7408 [localhost-startStop-1] --- o.s.b.c.embedded.FilterRegistrationBean  : Mapping filter: 'springSecurityFilterChain' to: [/*]
2014-09-13 14:57:40.173  INFO 7408 [localhost-startStop-1] --- o.s.b.c.embedded.FilterRegistrationBean  : Mapping filter: 'applicationContextIdFilter' to: [/*]
2014-09-13 14:57:40.173  INFO 7408 [localhost-startStop-1] --- o.s.b.c.embedded.FilterRegistrationBean  : Mapping filter: 'webRequestLoggingFilter' to: [/*]
2014-09-13 14:57:40.874  INFO 7408 [main] --- j.LocalContainerEntityManagerFactoryBean : Building JPA container EntityManagerFactory for persistence unit 'default'
2014-09-13 14:57:40.885  INFO 7408 [main] --- o.hibernate.jpa.internal.util.LogHelper  : HHH000204: Processing PersistenceUnitInfo [
	name: default
	...]
2014-09-13 14:57:41.057  INFO 7408 [main] --- org.hibernate.Version                    : HHH000412: Hibernate Core {4.3.6.Final}
2014-09-13 14:57:41.059  INFO 7408 [main] --- org.hibernate.cfg.Environment            : HHH000206: hibernate.properties not found
2014-09-13 14:57:41.060  INFO 7408 [main] --- org.hibernate.cfg.Environment            : HHH000021: Bytecode provider name : javassist
2014-09-13 14:57:41.316  INFO 7408 [main] --- o.hibernate.annotations.common.Version   : HCANN000001: Hibernate Commons Annotations {4.0.5.Final}
2014-09-13 14:57:41.375  INFO 7408 [main] --- org.hibernate.dialect.Dialect            : HHH000400: Using dialect: org.hibernate.dialect.H2Dialect
2014-09-13 14:57:41.574  INFO 7408 [main] --- o.h.h.i.ast.ASTQueryTranslatorFactory    : HHH000397: Using ASTQueryTranslatorFactory
2014-09-13 14:57:41.698  INFO 7408 [main] --- org.hibernate.type.BasicTypeRegistry     : HHH000270: Type registration [java.util.Currency] overrides previous : org.hibernate.type.CurrencyType@203b953c
2014-09-13 14:57:41.906  INFO 7408 [main] --- org.hibernate.tool.hbm2ddl.SchemaExport  : HHH000227: Running hbm2ddl schema export
2014-09-13 14:57:41.908 ERROR 7408 [main] --- org.hibernate.tool.hbm2ddl.SchemaExport  : HHH000389: Unsuccessful: alter table course_course_variants drop constraint FK_2lfax2p5ixgq80ff0whun1nxg if exists
2014-09-13 14:57:41.909 ERROR 7408 [main] --- org.hibernate.tool.hbm2ddl.SchemaExport  : Tabelle "COURSE_COURSE_VARIANTS" nicht gefunden
Table "COURSE_COURSE_VARIANTS" not found; SQL statement:
alter table course_course_variants drop constraint FK_2lfax2p5ixgq80ff0whun1nxg if exists [42102-176]
2014-09-13 14:57:41.909 ERROR 7408 [main] --- org.hibernate.tool.hbm2ddl.SchemaExport  : HHH000389: Unsuccessful: alter table course_image drop constraint FK_83ctmwx0cr8cl2x3pjykg6e3c if exists
2014-09-13 14:57:41.909 ERROR 7408 [main] --- org.hibernate.tool.hbm2ddl.SchemaExport  : Tabelle "COURSE_IMAGE" nicht gefunden
Table "COURSE_IMAGE" not found; SQL statement:
alter table course_image drop constraint FK_83ctmwx0cr8cl2x3pjykg6e3c if exists [42102-176]
2014-09-13 14:57:41.909 ERROR 7408 [main] --- org.hibernate.tool.hbm2ddl.SchemaExport  : HHH000389: Unsuccessful: alter table course_image drop constraint FK_ti4s11n8wee7ym2yndccdbms2 if exists
2014-09-13 14:57:41.909 ERROR 7408 [main] --- org.hibernate.tool.hbm2ddl.SchemaExport  : Tabelle "COURSE_IMAGE" nicht gefunden
Table "COURSE_IMAGE" not found; SQL statement:
alter table course_image drop constraint FK_ti4s11n8wee7ym2yndccdbms2 if exists [42102-176]
2014-09-13 14:57:42.137  INFO 7408 [main] --- org.hibernate.tool.hbm2ddl.SchemaExport  : HHH000230: Schema export complete
2014-09-13 14:57:42.319  INFO 7408 [main] --- s.w.s.m.m.a.RequestMappingHandlerMapping : Mapped "{[/api/course-battles/{battleId}],methods=[GET],params=[],headers=[],consumes=[],produces=[],custom=[]}" onto public ch.adrianos.apps.kitchenbattle.domain.coursebattle.CourseBattle ch.adrianos.apps.kitchenbattle.web.CourseBattleController.getBattle(java.lang.String) throws ch.adrianos.apps.kitchenbattle.service.CourseBattleNotFoundException
2014-09-13 14:57:42.320  INFO 7408 [main] --- s.w.s.m.m.a.RequestMappingHandlerMapping : Mapped "{[/api/course-battles],methods=[POST],params=[],headers=[],consumes=[],produces=[],custom=[]}" onto public java.lang.String ch.adrianos.apps.kitchenbattle.web.CourseBattleController.createNewBattle(ch.adrianos.apps.kitchenbattle.service.CreateCourseBattleDto) throws ch.adrianos.apps.kitchenbattle.service.CourseNotFoundException
2014-09-13 14:57:42.320  INFO 7408 [main] --- s.w.s.m.m.a.RequestMappingHandlerMapping : Mapped "{[/api/course-battles/{battleId}],methods=[DELETE],params=[],headers=[],consumes=[],produces=[],custom=[]}" onto public void ch.adrianos.apps.kitchenbattle.web.CourseBattleController.deleteBattle(java.lang.String) throws ch.adrianos.apps.kitchenbattle.service.CourseBattleNotFoundException
2014-09-13 14:57:42.320  INFO 7408 [main] --- s.w.s.m.m.a.RequestMappingHandlerMapping : Mapped "{[/api/course-battles/{battleId}/state],methods=[PATCH],params=[],headers=[],consumes=[],produces=[],custom=[]}" onto public void ch.adrianos.apps.kitchenbattle.web.CourseBattleController.updateBattleStatus(java.lang.String,ch.adrianos.apps.kitchenbattle.web.CourseBattleController$CourseBattleStateResource) throws ch.adrianos.apps.kitchenbattle.service.CourseBattleNotFoundException
2014-09-13 14:57:42.321  INFO 7408 [main] --- s.w.s.m.m.a.RequestMappingHandlerMapping : Mapped "{[/api/course-battles-search/results],methods=[GET],params=[],headers=[],consumes=[],produces=[],custom=[]}" onto public java.util.List<ch.adrianos.apps.kitchenbattle.service.CourseBattleResultDto> ch.adrianos.apps.kitchenbattle.web.CourseBattleSearchController.getAllCourseBattleResultsForEvent(java.lang.String)
2014-09-13 14:57:42.322  INFO 7408 [main] --- s.w.s.m.m.a.RequestMappingHandlerMapping : Mapped "{[/api/course-battles-search],methods=[GET],params=[],headers=[],consumes=[],produces=[],custom=[]}" onto public java.util.List<ch.adrianos.apps.kitchenbattle.service.CourseBattleSearchResultDto> ch.adrianos.apps.kitchenbattle.web.CourseBattleSearchController.findAllCourseBattlesForEvent(java.lang.String)
2014-09-13 14:57:42.322  INFO 7408 [main] --- s.w.s.m.m.a.RequestMappingHandlerMapping : Mapped "{[/api/course-battles-search/results/{battleId}],methods=[GET],params=[],headers=[],consumes=[],produces=[],custom=[]}" onto public ch.adrianos.apps.kitchenbattle.service.CourseBattleResultDto ch.adrianos.apps.kitchenbattle.web.CourseBattleSearchController.getCourseBattleResult(java.lang.String)
2014-09-13 14:57:42.323  INFO 7408 [main] --- s.w.s.m.m.a.RequestMappingHandlerMapping : Mapped "{[/api/course-battle-votes/search/countCourseVotes],methods=[HEAD],params=[],headers=[],consumes=[],produces=[],custom=[]}" onto public java.lang.Integer ch.adrianos.apps.kitchenbattle.web.CourseBattleVoteController.countVotes(java.lang.String,java.lang.String)
2014-09-13 14:57:42.324  INFO 7408 [main] --- s.w.s.m.m.a.RequestMappingHandlerMapping : Mapped "{[/api/course-battle-votes],methods=[POST],params=[],headers=[],consumes=[],produces=[],custom=[]}" onto public void ch.adrianos.apps.kitchenbattle.web.CourseBattleVoteController.vote(ch.adrianos.apps.kitchenbattle.web.CourseBattleVoteController$CreateGuestCourseBattleVotingDto)
2014-09-13 14:57:42.328  INFO 7408 [main] --- s.w.s.m.m.a.RequestMappingHandlerMapping : Mapped "{[/api/courses/{courseId}],methods=[GET],params=[],headers=[],consumes=[],produces=[],custom=[]}" onto public org.springframework.http.ResponseEntity<ch.adrianos.apps.kitchenbattle.domain.course.Course> ch.adrianos.apps.kitchenbattle.web.CourseController.getCourse(java.lang.String) throws ch.adrianos.apps.kitchenbattle.service.CourseNotFoundException
2014-09-13 14:57:42.328  INFO 7408 [main] --- s.w.s.m.m.a.RequestMappingHandlerMapping : Mapped "{[/api/courses/{courseId}],methods=[PATCH],params=[],headers=[],consumes=[application/json],produces=[],custom=[]}" onto public void ch.adrianos.apps.kitchenbattle.web.CourseController.updateCourse(java.lang.String,ch.adrianos.apps.kitchenbattle.service.UpdateCourseDto) throws ch.adrianos.apps.kitchenbattle.service.CourseNotFoundException
2014-09-13 14:57:42.328  INFO 7408 [main] --- s.w.s.m.m.a.RequestMappingHandlerMapping : Mapped "{[/api/courses/{courseId}],methods=[DELETE],params=[],headers=[],consumes=[],produces=[],custom=[]}" onto public void ch.adrianos.apps.kitchenbattle.web.CourseController.deleteCourse(java.lang.String) throws ch.adrianos.apps.kitchenbattle.service.CourseNotFoundException
2014-09-13 14:57:42.328  INFO 7408 [main] --- s.w.s.m.m.a.RequestMappingHandlerMapping : Mapped "{[/api/courses],methods=[POST],params=[],headers=[],consumes=[application/json],produces=[],custom=[]}" onto public java.lang.String ch.adrianos.apps.kitchenbattle.web.CourseController.createCourse(ch.adrianos.apps.kitchenbattle.service.CreateCourseDto) throws ch.adrianos.apps.kitchenbattle.service.TeamNotFoundException,ch.adrianos.apps.kitchenbattle.service.EventNotFoundException
2014-09-13 14:57:42.328  INFO 7408 [main] --- s.w.s.m.m.a.RequestMappingHandlerMapping : Mapped "{[/api/courses/{courseId}/image/{variant}],methods=[GET],params=[],headers=[],consumes=[],produces=[],custom=[]}" onto public org.springframework.http.ResponseEntity<?> ch.adrianos.apps.kitchenbattle.web.CourseController.getCourseImage(java.lang.String,java.lang.String) throws ch.adrianos.apps.kitchenbattle.service.CourseNotFoundException
2014-09-13 14:57:42.329  INFO 7408 [main] --- s.w.s.m.m.a.RequestMappingHandlerMapping : Mapped "{[/api/courses],methods=[GET],params=[],headers=[],consumes=[],produces=[],custom=[]}" onto public java.util.List<ch.adrianos.apps.kitchenbattle.domain.course.Course> ch.adrianos.apps.kitchenbattle.web.CourseController.findCoursesByEvent(java.lang.String)
2014-09-13 14:57:42.329  INFO 7408 [main] --- s.w.s.m.m.a.RequestMappingHandlerMapping : Mapped "{[/api/courses/{courseId}/image/{variant}],methods=[POST],params=[],headers=[],consumes=[multipart/form-data],produces=[],custom=[]}" onto public void ch.adrianos.apps.kitchenbattle.web.CourseController.updateCourseImage(java.lang.String,java.lang.String,org.springframework.web.multipart.MultipartFile) throws java.io.IOException,ch.adrianos.apps.kitchenbattle.service.CourseNotFoundException
2014-09-13 14:57:42.329  INFO 7408 [main] --- s.w.s.m.m.a.RequestMappingHandlerMapping : Mapped "{[/api/courses/{courseId}/image/{variant}],methods=[DELETE],params=[],headers=[],consumes=[],produces=[],custom=[]}" onto public void ch.adrianos.apps.kitchenbattle.web.CourseController.deleteCourseImage(java.lang.String,java.lang.String) throws ch.adrianos.apps.kitchenbattle.service.CourseNotFoundException
2014-09-13 14:57:42.329  INFO 7408 [main] --- s.w.s.m.m.a.RequestMappingHandlerMapping : Mapped "{[/api/courses/find/byTeamId],methods=[GET],params=[],headers=[],consumes=[],produces=[],custom=[]}" onto public java.util.List<ch.adrianos.apps.kitchenbattle.domain.course.Course> ch.adrianos.apps.kitchenbattle.web.CourseController.findCoursesByTeamId(java.lang.String)
2014-09-13 14:57:42.330  INFO 7408 [main] --- s.w.s.m.m.a.RequestMappingHandlerMapping : Mapped "{[/api/current-user],methods=[GET],params=[],headers=[],consumes=[],produces=[],custom=[]}" onto public ch.adrianos.apps.kitchenbattle.web.CurrentUserController$UserResource ch.adrianos.apps.kitchenbattle.web.CurrentUserController.getCurrentUser()
2014-09-13 14:57:42.332  INFO 7408 [main] --- s.w.s.m.m.a.RequestMappingHandlerMapping : Mapped "{[/api/events/{eventId}],methods=[GET],params=[],headers=[],consumes=[],produces=[],custom=[]}" onto public ch.adrianos.apps.kitchenbattle.domain.event.Event ch.adrianos.apps.kitchenbattle.web.EventController.getEvent(java.lang.String) throws ch.adrianos.apps.kitchenbattle.service.EventNotFoundException
2014-09-13 14:57:42.332  INFO 7408 [main] --- s.w.s.m.m.a.RequestMappingHandlerMapping : Mapped "{[/api/events],methods=[GET],params=[],headers=[],consumes=[],produces=[],custom=[]}" onto public java.util.List<ch.adrianos.apps.kitchenbattle.domain.event.Event> ch.adrianos.apps.kitchenbattle.web.EventController.findEvents()
2014-09-13 14:57:42.332  INFO 7408 [main] --- s.w.s.m.m.a.RequestMappingHandlerMapping : Mapped "{[/api/events],methods=[POST],params=[],headers=[],consumes=[],produces=[],custom=[]}" onto public java.lang.String ch.adrianos.apps.kitchenbattle.web.EventController.createEvent(ch.adrianos.apps.kitchenbattle.domain.event.Event)
2014-09-13 14:57:42.333  INFO 7408 [main] --- s.w.s.m.m.a.RequestMappingHandlerMapping : Mapped "{[/api/events/{eventId}],methods=[PUT],params=[],headers=[],consumes=[],produces=[],custom=[]}" onto public void ch.adrianos.apps.kitchenbattle.web.EventController.updateEvent(ch.adrianos.apps.kitchenbattle.domain.event.Event)
2014-09-13 14:57:42.333  INFO 7408 [main] --- s.w.s.m.m.a.RequestMappingHandlerMapping : Mapped "{[/api/events/{eventId}],methods=[DELETE],params=[],headers=[],consumes=[],produces=[],custom=[]}" onto public void ch.adrianos.apps.kitchenbattle.web.EventController.deleteEvent(java.lang.String)
2014-09-13 14:57:42.334  INFO 7408 [main] --- s.w.s.m.m.a.RequestMappingHandlerMapping : Mapped "{[/api/jury-team-votes],methods=[GET],params=[],headers=[],consumes=[],produces=[],custom=[]}" onto public java.util.List<ch.adrianos.apps.kitchenbattle.domain.team.JuryTeamVote> ch.adrianos.apps.kitchenbattle.web.JuryTeamVoteController.findJuryTeamVotesForEvent(java.lang.String)
2014-09-13 14:57:42.334  INFO 7408 [main] --- s.w.s.m.m.a.RequestMappingHandlerMapping : Mapped "{[/api/jury-team-votes],methods=[POST],params=[],headers=[],consumes=[],produces=[],custom=[]}" onto public void ch.adrianos.apps.kitchenbattle.web.JuryTeamVoteController.vote(ch.adrianos.apps.kitchenbattle.web.JuryTeamVoteController$CreateJuryTeamVoteDto)
2014-09-13 14:57:42.334  INFO 7408 [main] --- s.w.s.m.m.a.RequestMappingHandlerMapping : Mapped "{[/api/jury-team-votes/{voteId}],methods=[DELETE],params=[],headers=[],consumes=[],produces=[],custom=[]}" onto public void ch.adrianos.apps.kitchenbattle.web.JuryTeamVoteController.deleteJuryVote(java.lang.String)
2014-09-13 14:57:42.336  INFO 7408 [main] --- s.w.s.m.m.a.RequestMappingHandlerMapping : Mapped "{[/api/teams],methods=[GET],params=[],headers=[],consumes=[],produces=[],custom=[]}" onto public java.util.List<ch.adrianos.apps.kitchenbattle.domain.team.Team> ch.adrianos.apps.kitchenbattle.web.TeamController.findTeamsForEvent(java.lang.String)
2014-09-13 14:57:42.336  INFO 7408 [main] --- s.w.s.m.m.a.RequestMappingHandlerMapping : Mapped "{[/api/teams],methods=[POST],params=[],headers=[],consumes=[],produces=[],custom=[]}" onto public java.lang.String ch.adrianos.apps.kitchenbattle.web.TeamController.createTeam(ch.adrianos.apps.kitchenbattle.service.CreateTeamDto) throws ch.adrianos.apps.kitchenbattle.service.EventNotFoundException
2014-09-13 14:57:42.336  INFO 7408 [main] --- s.w.s.m.m.a.RequestMappingHandlerMapping : Mapped "{[/api/teams/{teamId}],methods=[DELETE],params=[],headers=[],consumes=[],produces=[],custom=[]}" onto public void ch.adrianos.apps.kitchenbattle.web.TeamController.deleteTeam(java.lang.String)
2014-09-13 14:57:42.337  INFO 7408 [main] --- s.w.s.m.m.a.RequestMappingHandlerMapping : Mapped "{[/api/teams/{teamId}],methods=[GET],params=[],headers=[],consumes=[],produces=[],custom=[]}" onto public ch.adrianos.apps.kitchenbattle.domain.team.Team ch.adrianos.apps.kitchenbattle.web.TeamController.getTeam(java.lang.String) throws ch.adrianos.apps.kitchenbattle.service.TeamNotFoundException
2014-09-13 14:57:42.338  INFO 7408 [main] --- s.w.s.m.m.a.RequestMappingHandlerMapping : Mapped "{[/api-docs],methods=[GET],params=[],headers=[],consumes=[],produces=[],custom=[]}" onto public org.springframework.http.ResponseEntity<com.wordnik.swagger.model.ResourceListing> com.mangofactory.swagger.controllers.DefaultSwaggerController.getResourceListing(java.lang.String)
2014-09-13 14:57:42.339  INFO 7408 [main] --- s.w.s.m.m.a.RequestMappingHandlerMapping : Mapped "{[/api-docs/{swaggerGroup}/{apiDeclaration}],methods=[GET],params=[],headers=[],consumes=[],produces=[],custom=[]}" onto public org.springframework.http.ResponseEntity<com.wordnik.swagger.model.ApiListing> com.mangofactory.swagger.controllers.DefaultSwaggerController.getApiListing(java.lang.String,java.lang.String)
2014-09-13 14:57:42.342  INFO 7408 [main] --- s.w.s.m.m.a.RequestMappingHandlerMapping : Mapped "{[/error],methods=[],params=[],headers=[],consumes=[],produces=[],custom=[]}" onto public org.springframework.http.ResponseEntity<java.util.Map<java.lang.String, java.lang.Object>> org.springframework.boot.autoconfigure.web.BasicErrorController.error(javax.servlet.http.HttpServletRequest)
2014-09-13 14:57:42.343  INFO 7408 [main] --- s.w.s.m.m.a.RequestMappingHandlerMapping : Mapped "{[/error],methods=[],params=[],headers=[],consumes=[],produces=[text/html],custom=[]}" onto public org.springframework.web.servlet.ModelAndView org.springframework.boot.autoconfigure.web.BasicErrorController.errorHtml(javax.servlet.http.HttpServletRequest)
2014-09-13 14:57:43.429  INFO 7408 [main] --- o.s.w.s.handler.SimpleUrlHandlerMapping  : Mapped URL path [/**/favicon.ico] onto handler of type [class org.springframework.web.servlet.resource.ResourceHttpRequestHandler]
2014-09-13 14:57:43.434  INFO 7408 [main] --- o.s.w.s.c.a.WebMvcConfigurerAdapter      : Adding welcome page: file:/C:/development/projects/kitchenbattle/kitchenbattle-web/target/classes/static/index.html
2014-09-13 14:57:43.436  INFO 7408 [main] --- o.s.w.s.handler.SimpleUrlHandlerMapping  : Mapped URL path [/login] onto handler of type [class org.springframework.web.servlet.mvc.ParameterizableViewController]
2014-09-13 14:57:43.436  INFO 7408 [main] --- o.s.w.s.handler.SimpleUrlHandlerMapping  : Root mapping to handler of type [class org.springframework.web.servlet.mvc.ParameterizableViewController]
2014-09-13 14:57:43.448  INFO 7408 [main] --- o.s.w.s.handler.SimpleUrlHandlerMapping  : Mapped URL path [/webjars/**] onto handler of type [class org.springframework.web.servlet.resource.ResourceHttpRequestHandler]
2014-09-13 14:57:43.448  INFO 7408 [main] --- o.s.w.s.handler.SimpleUrlHandlerMapping  : Mapped URL path [/**] onto handler of type [class org.springframework.web.servlet.resource.ResourceHttpRequestHandler]
2014-09-13 14:57:43.755  INFO 7408 [main] --- o.s.j.e.a.AnnotationMBeanExporter        : Registering beans for JMX exposure on startup
2014-09-13 14:57:43.800  INFO 7408 [main] --- o.s.b.a.e.jmx.EndpointMBeanExporter      : Registering beans for JMX exposure on startup
2014-09-13 14:57:43.914  INFO 7408 [main] --- o.s.w.s.v.f.FreeMarkerConfigurer         : ClassTemplateLoader for Spring macros added to FreeMarker configuration
2014-09-13 14:57:43.982  INFO 7408 [main] --- o.s.c.support.DefaultLifecycleProcessor  : Starting beans in phase 0
2014-09-13 14:57:43.986  INFO 7408 [main] --- o.s.b.a.e.jmx.EndpointMBeanExporter      : Located managed bean 'requestMappingEndpoint': registering with JMX server as MBean [org.springframework.boot:type=Endpoint,name=requestMappingEndpoint]
2014-09-13 14:57:44.017  INFO 7408 [main] --- o.s.b.a.e.jmx.EndpointMBeanExporter      : Located managed bean 'environmentEndpoint': registering with JMX server as MBean [org.springframework.boot:type=Endpoint,name=environmentEndpoint]
2014-09-13 14:57:44.025  INFO 7408 [main] --- o.s.b.a.e.jmx.EndpointMBeanExporter      : Located managed bean 'healthEndpoint': registering with JMX server as MBean [org.springframework.boot:type=Endpoint,name=healthEndpoint]
2014-09-13 14:57:44.029  INFO 7408 [main] --- o.s.b.a.e.jmx.EndpointMBeanExporter      : Located managed bean 'beansEndpoint': registering with JMX server as MBean [org.springframework.boot:type=Endpoint,name=beansEndpoint]
2014-09-13 14:57:44.032  INFO 7408 [main] --- o.s.b.a.e.jmx.EndpointMBeanExporter      : Located managed bean 'infoEndpoint': registering with JMX server as MBean [org.springframework.boot:type=Endpoint,name=infoEndpoint]
2014-09-13 14:57:44.037  INFO 7408 [main] --- o.s.b.a.e.jmx.EndpointMBeanExporter      : Located managed bean 'metricsEndpoint': registering with JMX server as MBean [org.springframework.boot:type=Endpoint,name=metricsEndpoint]
2014-09-13 14:57:44.042  INFO 7408 [main] --- o.s.b.a.e.jmx.EndpointMBeanExporter      : Located managed bean 'traceEndpoint': registering with JMX server as MBean [org.springframework.boot:type=Endpoint,name=traceEndpoint]
2014-09-13 14:57:44.046  INFO 7408 [main] --- o.s.b.a.e.jmx.EndpointMBeanExporter      : Located managed bean 'dumpEndpoint': registering with JMX server as MBean [org.springframework.boot:type=Endpoint,name=dumpEndpoint]
2014-09-13 14:57:44.053  INFO 7408 [main] --- o.s.b.a.e.jmx.EndpointMBeanExporter      : Located managed bean 'autoConfigurationAuditEndpoint': registering with JMX server as MBean [org.springframework.boot:type=Endpoint,name=autoConfigurationAuditEndpoint]
2014-09-13 14:57:44.057  INFO 7408 [main] --- o.s.b.a.e.jmx.EndpointMBeanExporter      : Located managed bean 'shutdownEndpoint': registering with JMX server as MBean [org.springframework.boot:type=Endpoint,name=shutdownEndpoint]
2014-09-13 14:57:44.065  INFO 7408 [main] --- o.s.b.a.e.jmx.EndpointMBeanExporter      : Located managed bean 'configurationPropertiesReportEndpoint': registering with JMX server as MBean [org.springframework.boot:type=Endpoint,name=configurationPropertiesReportEndpoint]
2014-09-13 14:57:44.313  INFO 7408 [main] --- c.m.swagger.plugin.SwaggerPluginAdapter  : Context refreshed
2014-09-13 14:57:44.314  INFO 7408 [main] --- c.m.swagger.plugin.SwaggerPluginAdapter  : Found custom SwaggerSpringMvcPlugins
2014-09-13 14:57:44.314  INFO 7408 [main] --- c.m.swagger.plugin.SwaggerPluginAdapter  : initializing plugin bean appApi
2014-09-13 14:57:44.328  INFO 7408 [main] --- c.m.s.s.ApiListingReferenceScanner       : Scanning for api listing references
2014-09-13 14:57:44.328  INFO 7408 [main] --- c.m.s.s.ApiListingReferenceScanner       : RequestMappingInfo did not match any include patterns: | {[/manage/beans],methods=[GET],params=[],headers=[],consumes=[],produces=[],custom=[]}
2014-09-13 14:57:44.328  INFO 7408 [main] --- c.m.s.s.ApiListingReferenceScanner       : RequestMappingInfo did not match any include patterns: | {[/manage/info],methods=[GET],params=[],headers=[],consumes=[],produces=[],custom=[]}
2014-09-13 14:57:44.328  INFO 7408 [main] --- c.m.s.s.ApiListingReferenceScanner       : RequestMappingInfo did not match any include patterns: | {[/manage/trace],methods=[GET],params=[],headers=[],consumes=[],produces=[],custom=[]}
2014-09-13 14:57:44.328  INFO 7408 [main] --- c.m.s.s.ApiListingReferenceScanner       : RequestMappingInfo did not match any include patterns: | {[/manage/env/{name:.*}],methods=[GET],params=[],headers=[],consumes=[],produces=[],custom=[]}
2014-09-13 14:57:44.329  INFO 7408 [main] --- c.m.s.s.ApiListingReferenceScanner       : RequestMappingInfo did not match any include patterns: | {[/manage/env],methods=[GET],params=[],headers=[],consumes=[],produces=[],custom=[]}
2014-09-13 14:57:44.329  INFO 7408 [main] --- c.m.s.s.ApiListingReferenceScanner       : RequestMappingInfo did not match any include patterns: | {[/manage/health],methods=[],params=[],headers=[],consumes=[],produces=[],custom=[]}
2014-09-13 14:57:44.329  INFO 7408 [main] --- c.m.s.s.ApiListingReferenceScanner       : RequestMappingInfo did not match any include patterns: | {[/manage/autoconfig],methods=[GET],params=[],headers=[],consumes=[],produces=[],custom=[]}
2014-09-13 14:57:44.329  INFO 7408 [main] --- c.m.s.s.ApiListingReferenceScanner       : RequestMappingInfo did not match any include patterns: | {[/manage/metrics/{name:.*}],methods=[GET],params=[],headers=[],consumes=[],produces=[],custom=[]}
2014-09-13 14:57:44.329  INFO 7408 [main] --- c.m.s.s.ApiListingReferenceScanner       : RequestMappingInfo did not match any include patterns: | {[/manage/metrics],methods=[GET],params=[],headers=[],consumes=[],produces=[],custom=[]}
2014-09-13 14:57:44.329  INFO 7408 [main] --- c.m.s.s.ApiListingReferenceScanner       : RequestMappingInfo did not match any include patterns: | {[/manage/dump],methods=[GET],params=[],headers=[],consumes=[],produces=[],custom=[]}
2014-09-13 14:57:44.329  INFO 7408 [main] --- c.m.s.s.ApiListingReferenceScanner       : RequestMappingInfo did not match any include patterns: | {[/manage/mappings],methods=[GET],params=[],headers=[],consumes=[],produces=[],custom=[]}
2014-09-13 14:57:44.329  INFO 7408 [main] --- c.m.s.s.ApiListingReferenceScanner       : RequestMappingInfo did not match any include patterns: | {[/manage/configprops],methods=[GET],params=[],headers=[],consumes=[],produces=[],custom=[]}
2014-09-13 14:57:44.335  INFO 7408 [main] --- c.m.s.s.ApiListingReferenceScanner       : Request mapping: getBattle belongs to groups: [[ResourceGroup{groupName='course-battle-controller'}]] 
2014-09-13 14:57:44.336  INFO 7408 [main] --- c.m.s.s.ApiListingReferenceScanner       : Adding resource to group:ResourceGroup{groupName='course-battle-controller'} with description:Course Battle Controller for handler method:getBattle
2014-09-13 14:57:44.336  INFO 7408 [main] --- c.m.s.s.ApiListingReferenceScanner       : Request mapping: createNewBattle belongs to groups: [[ResourceGroup{groupName='course-battle-controller'}]] 
2014-09-13 14:57:44.337  INFO 7408 [main] --- c.m.s.s.ApiListingReferenceScanner       : Adding resource to group:ResourceGroup{groupName='course-battle-controller'} with description:Course Battle Controller for handler method:createNewBattle
2014-09-13 14:57:44.338  INFO 7408 [main] --- c.m.s.s.ApiListingReferenceScanner       : Request mapping: deleteBattle belongs to groups: [[ResourceGroup{groupName='course-battle-controller'}]] 
2014-09-13 14:57:44.338  INFO 7408 [main] --- c.m.s.s.ApiListingReferenceScanner       : Adding resource to group:ResourceGroup{groupName='course-battle-controller'} with description:Course Battle Controller for handler method:deleteBattle
2014-09-13 14:57:44.338  INFO 7408 [main] --- c.m.s.s.ApiListingReferenceScanner       : Request mapping: updateBattleStatus belongs to groups: [[ResourceGroup{groupName='course-battle-controller'}]] 
2014-09-13 14:57:44.338  INFO 7408 [main] --- c.m.s.s.ApiListingReferenceScanner       : Adding resource to group:ResourceGroup{groupName='course-battle-controller'} with description:Course Battle Controller for handler method:updateBattleStatus
2014-09-13 14:57:44.339  INFO 7408 [main] --- c.m.s.s.ApiListingReferenceScanner       : Request mapping: getAllCourseBattleResultsForEvent belongs to groups: [[ResourceGroup{groupName='course-battle-search-controller'}]] 
2014-09-13 14:57:44.339  INFO 7408 [main] --- c.m.s.s.ApiListingReferenceScanner       : Adding resource to group:ResourceGroup{groupName='course-battle-search-controller'} with description:Course Battle Search Controller for handler method:getAllCourseBattleResultsForEvent
2014-09-13 14:57:44.339  INFO 7408 [main] --- c.m.s.s.ApiListingReferenceScanner       : Request mapping: findAllCourseBattlesForEvent belongs to groups: [[ResourceGroup{groupName='course-battle-search-controller'}]] 
2014-09-13 14:57:44.339  INFO 7408 [main] --- c.m.s.s.ApiListingReferenceScanner       : Adding resource to group:ResourceGroup{groupName='course-battle-search-controller'} with description:Course Battle Search Controller for handler method:findAllCourseBattlesForEvent
2014-09-13 14:57:44.340  INFO 7408 [main] --- c.m.s.s.ApiListingReferenceScanner       : Request mapping: getCourseBattleResult belongs to groups: [[ResourceGroup{groupName='course-battle-search-controller'}]] 
2014-09-13 14:57:44.340  INFO 7408 [main] --- c.m.s.s.ApiListingReferenceScanner       : Adding resource to group:ResourceGroup{groupName='course-battle-search-controller'} with description:Course Battle Search Controller for handler method:getCourseBattleResult
2014-09-13 14:57:44.340  INFO 7408 [main] --- c.m.s.s.ApiListingReferenceScanner       : Request mapping: countVotes belongs to groups: [[ResourceGroup{groupName='course-battle-vote-controller'}]] 
2014-09-13 14:57:44.340  INFO 7408 [main] --- c.m.s.s.ApiListingReferenceScanner       : Adding resource to group:ResourceGroup{groupName='course-battle-vote-controller'} with description:Course Battle Vote Controller for handler method:countVotes
2014-09-13 14:57:44.340  INFO 7408 [main] --- c.m.s.s.ApiListingReferenceScanner       : Request mapping: vote belongs to groups: [[ResourceGroup{groupName='course-battle-vote-controller'}]] 
2014-09-13 14:57:44.341  INFO 7408 [main] --- c.m.s.s.ApiListingReferenceScanner       : Adding resource to group:ResourceGroup{groupName='course-battle-vote-controller'} with description:Course Battle Vote Controller for handler method:vote
2014-09-13 14:57:44.341  INFO 7408 [main] --- c.m.s.s.ApiListingReferenceScanner       : Request mapping: getCourse belongs to groups: [[ResourceGroup{groupName='course-controller'}]] 
2014-09-13 14:57:44.341  INFO 7408 [main] --- c.m.s.s.ApiListingReferenceScanner       : Adding resource to group:ResourceGroup{groupName='course-controller'} with description:Course Controller for handler method:getCourse
2014-09-13 14:57:44.341  INFO 7408 [main] --- c.m.s.s.ApiListingReferenceScanner       : Request mapping: updateCourse belongs to groups: [[ResourceGroup{groupName='course-controller'}]] 
2014-09-13 14:57:44.341  INFO 7408 [main] --- c.m.s.s.ApiListingReferenceScanner       : Adding resource to group:ResourceGroup{groupName='course-controller'} with description:Course Controller for handler method:updateCourse
2014-09-13 14:57:44.342  INFO 7408 [main] --- c.m.s.s.ApiListingReferenceScanner       : Request mapping: deleteCourse belongs to groups: [[ResourceGroup{groupName='course-controller'}]] 
2014-09-13 14:57:44.342  INFO 7408 [main] --- c.m.s.s.ApiListingReferenceScanner       : Adding resource to group:ResourceGroup{groupName='course-controller'} with description:Course Controller for handler method:deleteCourse
2014-09-13 14:57:44.342  INFO 7408 [main] --- c.m.s.s.ApiListingReferenceScanner       : Request mapping: createCourse belongs to groups: [[ResourceGroup{groupName='course-controller'}]] 
2014-09-13 14:57:44.342  INFO 7408 [main] --- c.m.s.s.ApiListingReferenceScanner       : Adding resource to group:ResourceGroup{groupName='course-controller'} with description:Course Controller for handler method:createCourse
2014-09-13 14:57:44.342  INFO 7408 [main] --- c.m.s.s.ApiListingReferenceScanner       : Request mapping: getCourseImage belongs to groups: [[ResourceGroup{groupName='course-controller'}]] 
2014-09-13 14:57:44.343  INFO 7408 [main] --- c.m.s.s.ApiListingReferenceScanner       : Adding resource to group:ResourceGroup{groupName='course-controller'} with description:Course Controller for handler method:getCourseImage
2014-09-13 14:57:44.343  INFO 7408 [main] --- c.m.s.s.ApiListingReferenceScanner       : Request mapping: findCoursesByEvent belongs to groups: [[ResourceGroup{groupName='course-controller'}]] 
2014-09-13 14:57:44.343  INFO 7408 [main] --- c.m.s.s.ApiListingReferenceScanner       : Adding resource to group:ResourceGroup{groupName='course-controller'} with description:Course Controller for handler method:findCoursesByEvent
2014-09-13 14:57:44.343  INFO 7408 [main] --- c.m.s.s.ApiListingReferenceScanner       : Request mapping: updateCourseImage belongs to groups: [[ResourceGroup{groupName='course-controller'}]] 
2014-09-13 14:57:44.343  INFO 7408 [main] --- c.m.s.s.ApiListingReferenceScanner       : Adding resource to group:ResourceGroup{groupName='course-controller'} with description:Course Controller for handler method:updateCourseImage
2014-09-13 14:57:44.343  INFO 7408 [main] --- c.m.s.s.ApiListingReferenceScanner       : Request mapping: deleteCourseImage belongs to groups: [[ResourceGroup{groupName='course-controller'}]] 
2014-09-13 14:57:44.344  INFO 7408 [main] --- c.m.s.s.ApiListingReferenceScanner       : Adding resource to group:ResourceGroup{groupName='course-controller'} with description:Course Controller for handler method:deleteCourseImage
2014-09-13 14:57:44.344  INFO 7408 [main] --- c.m.s.s.ApiListingReferenceScanner       : Request mapping: findCoursesByTeamId belongs to groups: [[ResourceGroup{groupName='course-controller'}]] 
2014-09-13 14:57:44.344  INFO 7408 [main] --- c.m.s.s.ApiListingReferenceScanner       : Adding resource to group:ResourceGroup{groupName='course-controller'} with description:Course Controller for handler method:findCoursesByTeamId
2014-09-13 14:57:44.344  INFO 7408 [main] --- c.m.s.s.ApiListingReferenceScanner       : Request mapping: getCurrentUser belongs to groups: [[ResourceGroup{groupName='current-user-controller'}]] 
2014-09-13 14:57:44.344  INFO 7408 [main] --- c.m.s.s.ApiListingReferenceScanner       : Adding resource to group:ResourceGroup{groupName='current-user-controller'} with description:Current User Controller for handler method:getCurrentUser
2014-09-13 14:57:44.344  INFO 7408 [main] --- c.m.s.s.ApiListingReferenceScanner       : Request mapping: getEvent belongs to groups: [[ResourceGroup{groupName='event-controller'}]] 
2014-09-13 14:57:44.344  INFO 7408 [main] --- c.m.s.s.ApiListingReferenceScanner       : Adding resource to group:ResourceGroup{groupName='event-controller'} with description:Event Controller for handler method:getEvent
2014-09-13 14:57:44.345  INFO 7408 [main] --- c.m.s.s.ApiListingReferenceScanner       : Request mapping: findEvents belongs to groups: [[ResourceGroup{groupName='event-controller'}]] 
2014-09-13 14:57:44.345  INFO 7408 [main] --- c.m.s.s.ApiListingReferenceScanner       : Adding resource to group:ResourceGroup{groupName='event-controller'} with description:Event Controller for handler method:findEvents
2014-09-13 14:57:44.345  INFO 7408 [main] --- c.m.s.s.ApiListingReferenceScanner       : Request mapping: createEvent belongs to groups: [[ResourceGroup{groupName='event-controller'}]] 
2014-09-13 14:57:44.345  INFO 7408 [main] --- c.m.s.s.ApiListingReferenceScanner       : Adding resource to group:ResourceGroup{groupName='event-controller'} with description:Event Controller for handler method:createEvent
2014-09-13 14:57:44.345  INFO 7408 [main] --- c.m.s.s.ApiListingReferenceScanner       : Request mapping: updateEvent belongs to groups: [[ResourceGroup{groupName='event-controller'}]] 
2014-09-13 14:57:44.345  INFO 7408 [main] --- c.m.s.s.ApiListingReferenceScanner       : Adding resource to group:ResourceGroup{groupName='event-controller'} with description:Event Controller for handler method:updateEvent
2014-09-13 14:57:44.346  INFO 7408 [main] --- c.m.s.s.ApiListingReferenceScanner       : Request mapping: deleteEvent belongs to groups: [[ResourceGroup{groupName='event-controller'}]] 
2014-09-13 14:57:44.346  INFO 7408 [main] --- c.m.s.s.ApiListingReferenceScanner       : Adding resource to group:ResourceGroup{groupName='event-controller'} with description:Event Controller for handler method:deleteEvent
2014-09-13 14:57:44.346  INFO 7408 [main] --- c.m.s.s.ApiListingReferenceScanner       : Request mapping: findJuryTeamVotesForEvent belongs to groups: [[ResourceGroup{groupName='jury-team-vote-controller'}]] 
2014-09-13 14:57:44.346  INFO 7408 [main] --- c.m.s.s.ApiListingReferenceScanner       : Adding resource to group:ResourceGroup{groupName='jury-team-vote-controller'} with description:Jury Team Vote Controller for handler method:findJuryTeamVotesForEvent
2014-09-13 14:57:44.346  INFO 7408 [main] --- c.m.s.s.ApiListingReferenceScanner       : Request mapping: vote belongs to groups: [[ResourceGroup{groupName='jury-team-vote-controller'}]] 
2014-09-13 14:57:44.346  INFO 7408 [main] --- c.m.s.s.ApiListingReferenceScanner       : Adding resource to group:ResourceGroup{groupName='jury-team-vote-controller'} with description:Jury Team Vote Controller for handler method:vote
2014-09-13 14:57:44.346  INFO 7408 [main] --- c.m.s.s.ApiListingReferenceScanner       : Request mapping: deleteJuryVote belongs to groups: [[ResourceGroup{groupName='jury-team-vote-controller'}]] 
2014-09-13 14:57:44.346  INFO 7408 [main] --- c.m.s.s.ApiListingReferenceScanner       : Adding resource to group:ResourceGroup{groupName='jury-team-vote-controller'} with description:Jury Team Vote Controller for handler method:deleteJuryVote
2014-09-13 14:57:44.347  INFO 7408 [main] --- c.m.s.s.ApiListingReferenceScanner       : Request mapping: findTeamsForEvent belongs to groups: [[ResourceGroup{groupName='team-controller'}]] 
2014-09-13 14:57:44.347  INFO 7408 [main] --- c.m.s.s.ApiListingReferenceScanner       : Adding resource to group:ResourceGroup{groupName='team-controller'} with description:Team Controller for handler method:findTeamsForEvent
2014-09-13 14:57:44.347  INFO 7408 [main] --- c.m.s.s.ApiListingReferenceScanner       : Request mapping: createTeam belongs to groups: [[ResourceGroup{groupName='team-controller'}]] 
2014-09-13 14:57:44.347  INFO 7408 [main] --- c.m.s.s.ApiListingReferenceScanner       : Adding resource to group:ResourceGroup{groupName='team-controller'} with description:Team Controller for handler method:createTeam
2014-09-13 14:57:44.347  INFO 7408 [main] --- c.m.s.s.ApiListingReferenceScanner       : Request mapping: deleteTeam belongs to groups: [[ResourceGroup{groupName='team-controller'}]] 
2014-09-13 14:57:44.347  INFO 7408 [main] --- c.m.s.s.ApiListingReferenceScanner       : Adding resource to group:ResourceGroup{groupName='team-controller'} with description:Team Controller for handler method:deleteTeam
2014-09-13 14:57:44.347  INFO 7408 [main] --- c.m.s.s.ApiListingReferenceScanner       : Request mapping: getTeam belongs to groups: [[ResourceGroup{groupName='team-controller'}]] 
2014-09-13 14:57:44.347  INFO 7408 [main] --- c.m.s.s.ApiListingReferenceScanner       : Adding resource to group:ResourceGroup{groupName='team-controller'} with description:Team Controller for handler method:getTeam
2014-09-13 14:57:44.348  INFO 7408 [main] --- c.m.s.s.ApiListingReferenceScanner       : Excluding method as it contains the excluded annotation: interface com.mangofactory.swagger.annotations.ApiIgnore
2014-09-13 14:57:44.348  INFO 7408 [main] --- c.m.s.s.ApiListingReferenceScanner       : Excluding method as it contains the excluded annotation: interface com.mangofactory.swagger.annotations.ApiIgnore
2014-09-13 14:57:44.348  INFO 7408 [main] --- c.m.s.s.ApiListingReferenceScanner       : RequestMappingInfo did not match any include patterns: | {[/error],methods=[],params=[],headers=[],consumes=[],produces=[],custom=[]}
2014-09-13 14:57:44.348  INFO 7408 [main] --- c.m.s.s.ApiListingReferenceScanner       : RequestMappingInfo did not match any include patterns: | {[/error],methods=[],params=[],headers=[],consumes=[],produces=[text/html],custom=[]}
2014-09-13 14:57:44.355  INFO 7408 [main] --- c.m.s.s.ApiListingReferenceScanner       : Created resource listing Path: /api/course-battle-controller Description: course-battle-controller Position: 0
2014-09-13 14:57:44.355  INFO 7408 [main] --- c.m.s.s.ApiListingReferenceScanner       : Created resource listing Path: /api/course-battle-vote-controller Description: course-battle-vote-controller Position: 0
2014-09-13 14:57:44.355  INFO 7408 [main] --- c.m.s.s.ApiListingReferenceScanner       : Created resource listing Path: /api/course-battle-search-controller Description: course-battle-search-controller Position: 0
2014-09-13 14:57:44.355  INFO 7408 [main] --- c.m.s.s.ApiListingReferenceScanner       : Created resource listing Path: /api/course-controller Description: course-controller Position: 0
2014-09-13 14:57:44.355  INFO 7408 [main] --- c.m.s.s.ApiListingReferenceScanner       : Created resource listing Path: /api/event-controller Description: event-controller Position: 0
2014-09-13 14:57:44.356  INFO 7408 [main] --- c.m.s.s.ApiListingReferenceScanner       : Created resource listing Path: /api/jury-team-vote-controller Description: jury-team-vote-controller Position: 0
2014-09-13 14:57:44.356  INFO 7408 [main] --- c.m.s.s.ApiListingReferenceScanner       : Created resource listing Path: /api/team-controller Description: team-controller Position: 0
2014-09-13 14:57:44.356  INFO 7408 [main] --- c.m.s.s.ApiListingReferenceScanner       : Created resource listing Path: /api/current-user-controller Description: current-user-controller Position: 0
2014-09-13 14:57:44.850  INFO 7408 [main] --- c.m.s.core.SwaggerApiResourceListing     : Added a resource listing with (8) api resources: 
2014-09-13 14:57:44.851  INFO 7408 [main] --- c.m.s.core.SwaggerApiResourceListing     :   Course Battle Controller at location: /api-docs/api/course-battle-controller
2014-09-13 14:57:44.851  INFO 7408 [main] --- c.m.s.core.SwaggerApiResourceListing     :   Course Battle Search Controller at location: /api-docs/api/course-battle-search-controller
2014-09-13 14:57:44.851  INFO 7408 [main] --- c.m.s.core.SwaggerApiResourceListing     :   Course Battle Vote Controller at location: /api-docs/api/course-battle-vote-controller
2014-09-13 14:57:44.851  INFO 7408 [main] --- c.m.s.core.SwaggerApiResourceListing     :   Course Controller at location: /api-docs/api/course-controller
2014-09-13 14:57:44.851  INFO 7408 [main] --- c.m.s.core.SwaggerApiResourceListing     :   Current User Controller at location: /api-docs/api/current-user-controller
2014-09-13 14:57:44.851  INFO 7408 [main] --- c.m.s.core.SwaggerApiResourceListing     :   Event Controller at location: /api-docs/api/event-controller
2014-09-13 14:57:44.851  INFO 7408 [main] --- c.m.s.core.SwaggerApiResourceListing     :   Jury Team Vote Controller at location: /api-docs/api/jury-team-vote-controller
2014-09-13 14:57:44.851  INFO 7408 [main] --- c.m.s.core.SwaggerApiResourceListing     :   Team Controller at location: /api-docs/api/team-controller
2014-09-13 14:57:44.851  INFO 7408 [main] --- c.m.swagger.plugin.SwaggerPluginAdapter  : initializing plugin bean manageApi
2014-09-13 14:57:44.852  INFO 7408 [main] --- c.m.s.s.ApiListingReferenceScanner       : Scanning for api listing references
2014-09-13 14:57:44.852  INFO 7408 [main] --- c.m.s.s.ApiListingReferenceScanner       : Request mapping: invoke belongs to groups: [[ResourceGroup{groupName='endpoint-mvc-adapter'}]] 
2014-09-13 14:57:44.852  INFO 7408 [main] --- c.m.s.s.ApiListingReferenceScanner       : Adding resource to group:ResourceGroup{groupName='endpoint-mvc-adapter'} with description:Endpoint Mvc Adapter for handler method:invoke
2014-09-13 14:57:44.852  INFO 7408 [main] --- c.m.s.s.ApiListingReferenceScanner       : Request mapping: invoke belongs to groups: [[ResourceGroup{groupName='endpoint-mvc-adapter'}]] 
2014-09-13 14:57:44.852  INFO 7408 [main] --- c.m.s.s.ApiListingReferenceScanner       : Adding resource to group:ResourceGroup{groupName='endpoint-mvc-adapter'} with description:Endpoint Mvc Adapter for handler method:invoke
2014-09-13 14:57:44.853  INFO 7408 [main] --- c.m.s.s.ApiListingReferenceScanner       : Request mapping: invoke belongs to groups: [[ResourceGroup{groupName='endpoint-mvc-adapter'}]] 
2014-09-13 14:57:44.853  INFO 7408 [main] --- c.m.s.s.ApiListingReferenceScanner       : Adding resource to group:ResourceGroup{groupName='endpoint-mvc-adapter'} with description:Endpoint Mvc Adapter for handler method:invoke
2014-09-13 14:57:44.853  INFO 7408 [main] --- c.m.s.s.ApiListingReferenceScanner       : Request mapping: value belongs to groups: [[ResourceGroup{groupName='environment-mvc-endpoint'}]] 
2014-09-13 14:57:44.853  INFO 7408 [main] --- c.m.s.s.ApiListingReferenceScanner       : Adding resource to group:ResourceGroup{groupName='environment-mvc-endpoint'} with description:Environment Mvc Endpoint for handler method:value
2014-09-13 14:57:44.853  INFO 7408 [main] --- c.m.s.s.ApiListingReferenceScanner       : Request mapping: invoke belongs to groups: [[ResourceGroup{groupName='environment-mvc-endpoint'}]] 
2014-09-13 14:57:44.853  INFO 7408 [main] --- c.m.s.s.ApiListingReferenceScanner       : Adding resource to group:ResourceGroup{groupName='environment-mvc-endpoint'} with description:Environment Mvc Endpoint for handler method:invoke
2014-09-13 14:57:44.854  INFO 7408 [main] --- c.m.s.s.ApiListingReferenceScanner       : Request mapping: invoke belongs to groups: [[ResourceGroup{groupName='health-mvc-endpoint'}]] 
2014-09-13 14:57:44.854  INFO 7408 [main] --- c.m.s.s.ApiListingReferenceScanner       : Adding resource to group:ResourceGroup{groupName='health-mvc-endpoint'} with description:Health Mvc Endpoint for handler method:invoke
2014-09-13 14:57:44.854  INFO 7408 [main] --- c.m.s.s.ApiListingReferenceScanner       : Request mapping: invoke belongs to groups: [[ResourceGroup{groupName='endpoint-mvc-adapter'}]] 
2014-09-13 14:57:44.854  INFO 7408 [main] --- c.m.s.s.ApiListingReferenceScanner       : Adding resource to group:ResourceGroup{groupName='endpoint-mvc-adapter'} with description:Endpoint Mvc Adapter for handler method:invoke
2014-09-13 14:57:44.854  INFO 7408 [main] --- c.m.s.s.ApiListingReferenceScanner       : Request mapping: value belongs to groups: [[ResourceGroup{groupName='metrics-mvc-endpoint'}]] 
2014-09-13 14:57:44.854  INFO 7408 [main] --- c.m.s.s.ApiListingReferenceScanner       : Adding resource to group:ResourceGroup{groupName='metrics-mvc-endpoint'} with description:Metrics Mvc Endpoint for handler method:value
2014-09-13 14:57:44.855  INFO 7408 [main] --- c.m.s.s.ApiListingReferenceScanner       : Request mapping: invoke belongs to groups: [[ResourceGroup{groupName='metrics-mvc-endpoint'}]] 
2014-09-13 14:57:44.855  INFO 7408 [main] --- c.m.s.s.ApiListingReferenceScanner       : Adding resource to group:ResourceGroup{groupName='metrics-mvc-endpoint'} with description:Metrics Mvc Endpoint for handler method:invoke
2014-09-13 14:57:44.855  INFO 7408 [main] --- c.m.s.s.ApiListingReferenceScanner       : Request mapping: invoke belongs to groups: [[ResourceGroup{groupName='endpoint-mvc-adapter'}]] 
2014-09-13 14:57:44.855  INFO 7408 [main] --- c.m.s.s.ApiListingReferenceScanner       : Adding resource to group:ResourceGroup{groupName='endpoint-mvc-adapter'} with description:Endpoint Mvc Adapter for handler method:invoke
2014-09-13 14:57:44.855  INFO 7408 [main] --- c.m.s.s.ApiListingReferenceScanner       : Request mapping: invoke belongs to groups: [[ResourceGroup{groupName='endpoint-mvc-adapter'}]] 
2014-09-13 14:57:44.855  INFO 7408 [main] --- c.m.s.s.ApiListingReferenceScanner       : Adding resource to group:ResourceGroup{groupName='endpoint-mvc-adapter'} with description:Endpoint Mvc Adapter for handler method:invoke
2014-09-13 14:57:44.856  INFO 7408 [main] --- c.m.s.s.ApiListingReferenceScanner       : Request mapping: invoke belongs to groups: [[ResourceGroup{groupName='endpoint-mvc-adapter'}]] 
2014-09-13 14:57:44.856  INFO 7408 [main] --- c.m.s.s.ApiListingReferenceScanner       : Adding resource to group:ResourceGroup{groupName='endpoint-mvc-adapter'} with description:Endpoint Mvc Adapter for handler method:invoke
2014-09-13 14:57:44.856  INFO 7408 [main] --- c.m.s.s.ApiListingReferenceScanner       : RequestMappingInfo did not match any include patterns: | {[/api/course-battles/{battleId}],methods=[GET],params=[],headers=[],consumes=[],produces=[],custom=[]}
2014-09-13 14:57:44.856  INFO 7408 [main] --- c.m.s.s.ApiListingReferenceScanner       : RequestMappingInfo did not match any include patterns: | {[/api/course-battles],methods=[POST],params=[],headers=[],consumes=[],produces=[],custom=[]}
2014-09-13 14:57:44.856  INFO 7408 [main] --- c.m.s.s.ApiListingReferenceScanner       : RequestMappingInfo did not match any include patterns: | {[/api/course-battles/{battleId}],methods=[DELETE],params=[],headers=[],consumes=[],produces=[],custom=[]}
2014-09-13 14:57:44.856  INFO 7408 [main] --- c.m.s.s.ApiListingReferenceScanner       : RequestMappingInfo did not match any include patterns: | {[/api/course-battles/{battleId}/state],methods=[PATCH],params=[],headers=[],consumes=[],produces=[],custom=[]}
2014-09-13 14:57:44.856  INFO 7408 [main] --- c.m.s.s.ApiListingReferenceScanner       : RequestMappingInfo did not match any include patterns: | {[/api/course-battles-search/results],methods=[GET],params=[],headers=[],consumes=[],produces=[],custom=[]}
2014-09-13 14:57:44.857  INFO 7408 [main] --- c.m.s.s.ApiListingReferenceScanner       : RequestMappingInfo did not match any include patterns: | {[/api/course-battles-search],methods=[GET],params=[],headers=[],consumes=[],produces=[],custom=[]}
2014-09-13 14:57:44.857  INFO 7408 [main] --- c.m.s.s.ApiListingReferenceScanner       : RequestMappingInfo did not match any include patterns: | {[/api/course-battles-search/results/{battleId}],methods=[GET],params=[],headers=[],consumes=[],produces=[],custom=[]}
2014-09-13 14:57:44.857  INFO 7408 [main] --- c.m.s.s.ApiListingReferenceScanner       : RequestMappingInfo did not match any include patterns: | {[/api/course-battle-votes/search/countCourseVotes],methods=[HEAD],params=[],headers=[],consumes=[],produces=[],custom=[]}
2014-09-13 14:57:44.857  INFO 7408 [main] --- c.m.s.s.ApiListingReferenceScanner       : RequestMappingInfo did not match any include patterns: | {[/api/course-battle-votes],methods=[POST],params=[],headers=[],consumes=[],produces=[],custom=[]}
2014-09-13 14:57:44.857  INFO 7408 [main] --- c.m.s.s.ApiListingReferenceScanner       : RequestMappingInfo did not match any include patterns: | {[/api/courses/{courseId}],methods=[GET],params=[],headers=[],consumes=[],produces=[],custom=[]}
2014-09-13 14:57:44.857  INFO 7408 [main] --- c.m.s.s.ApiListingReferenceScanner       : RequestMappingInfo did not match any include patterns: | {[/api/courses/{courseId}],methods=[PATCH],params=[],headers=[],consumes=[application/json],produces=[],custom=[]}
2014-09-13 14:57:44.857  INFO 7408 [main] --- c.m.s.s.ApiListingReferenceScanner       : RequestMappingInfo did not match any include patterns: | {[/api/courses/{courseId}],methods=[DELETE],params=[],headers=[],consumes=[],produces=[],custom=[]}
2014-09-13 14:57:44.857  INFO 7408 [main] --- c.m.s.s.ApiListingReferenceScanner       : RequestMappingInfo did not match any include patterns: | {[/api/courses],methods=[POST],params=[],headers=[],consumes=[application/json],produces=[],custom=[]}
2014-09-13 14:57:44.857  INFO 7408 [main] --- c.m.s.s.ApiListingReferenceScanner       : RequestMappingInfo did not match any include patterns: | {[/api/courses/{courseId}/image/{variant}],methods=[GET],params=[],headers=[],consumes=[],produces=[],custom=[]}
2014-09-13 14:57:44.858  INFO 7408 [main] --- c.m.s.s.ApiListingReferenceScanner       : RequestMappingInfo did not match any include patterns: | {[/api/courses],methods=[GET],params=[],headers=[],consumes=[],produces=[],custom=[]}
2014-09-13 14:57:44.858  INFO 7408 [main] --- c.m.s.s.ApiListingReferenceScanner       : RequestMappingInfo did not match any include patterns: | {[/api/courses/{courseId}/image/{variant}],methods=[POST],params=[],headers=[],consumes=[multipart/form-data],produces=[],custom=[]}
2014-09-13 14:57:44.858  INFO 7408 [main] --- c.m.s.s.ApiListingReferenceScanner       : RequestMappingInfo did not match any include patterns: | {[/api/courses/{courseId}/image/{variant}],methods=[DELETE],params=[],headers=[],consumes=[],produces=[],custom=[]}
2014-09-13 14:57:44.858  INFO 7408 [main] --- c.m.s.s.ApiListingReferenceScanner       : RequestMappingInfo did not match any include patterns: | {[/api/courses/find/byTeamId],methods=[GET],params=[],headers=[],consumes=[],produces=[],custom=[]}
2014-09-13 14:57:44.858  INFO 7408 [main] --- c.m.s.s.ApiListingReferenceScanner       : RequestMappingInfo did not match any include patterns: | {[/api/current-user],methods=[GET],params=[],headers=[],consumes=[],produces=[],custom=[]}
2014-09-13 14:57:44.858  INFO 7408 [main] --- c.m.s.s.ApiListingReferenceScanner       : RequestMappingInfo did not match any include patterns: | {[/api/events/{eventId}],methods=[GET],params=[],headers=[],consumes=[],produces=[],custom=[]}
2014-09-13 14:57:44.858  INFO 7408 [main] --- c.m.s.s.ApiListingReferenceScanner       : RequestMappingInfo did not match any include patterns: | {[/api/events],methods=[GET],params=[],headers=[],consumes=[],produces=[],custom=[]}
2014-09-13 14:57:44.858  INFO 7408 [main] --- c.m.s.s.ApiListingReferenceScanner       : RequestMappingInfo did not match any include patterns: | {[/api/events],methods=[POST],params=[],headers=[],consumes=[],produces=[],custom=[]}
2014-09-13 14:57:44.858  INFO 7408 [main] --- c.m.s.s.ApiListingReferenceScanner       : RequestMappingInfo did not match any include patterns: | {[/api/events/{eventId}],methods=[PUT],params=[],headers=[],consumes=[],produces=[],custom=[]}
2014-09-13 14:57:44.859  INFO 7408 [main] --- c.m.s.s.ApiListingReferenceScanner       : RequestMappingInfo did not match any include patterns: | {[/api/events/{eventId}],methods=[DELETE],params=[],headers=[],consumes=[],produces=[],custom=[]}
2014-09-13 14:57:44.859  INFO 7408 [main] --- c.m.s.s.ApiListingReferenceScanner       : RequestMappingInfo did not match any include patterns: | {[/api/jury-team-votes],methods=[GET],params=[],headers=[],consumes=[],produces=[],custom=[]}
2014-09-13 14:57:44.859  INFO 7408 [main] --- c.m.s.s.ApiListingReferenceScanner       : RequestMappingInfo did not match any include patterns: | {[/api/jury-team-votes],methods=[POST],params=[],headers=[],consumes=[],produces=[],custom=[]}
2014-09-13 14:57:44.859  INFO 7408 [main] --- c.m.s.s.ApiListingReferenceScanner       : RequestMappingInfo did not match any include patterns: | {[/api/jury-team-votes/{voteId}],methods=[DELETE],params=[],headers=[],consumes=[],produces=[],custom=[]}
2014-09-13 14:57:44.859  INFO 7408 [main] --- c.m.s.s.ApiListingReferenceScanner       : RequestMappingInfo did not match any include patterns: | {[/api/teams],methods=[GET],params=[],headers=[],consumes=[],produces=[],custom=[]}
2014-09-13 14:57:44.859  INFO 7408 [main] --- c.m.s.s.ApiListingReferenceScanner       : RequestMappingInfo did not match any include patterns: | {[/api/teams],methods=[POST],params=[],headers=[],consumes=[],produces=[],custom=[]}
2014-09-13 14:57:44.859  INFO 7408 [main] --- c.m.s.s.ApiListingReferenceScanner       : RequestMappingInfo did not match any include patterns: | {[/api/teams/{teamId}],methods=[DELETE],params=[],headers=[],consumes=[],produces=[],custom=[]}
2014-09-13 14:57:44.859  INFO 7408 [main] --- c.m.s.s.ApiListingReferenceScanner       : RequestMappingInfo did not match any include patterns: | {[/api/teams/{teamId}],methods=[GET],params=[],headers=[],consumes=[],produces=[],custom=[]}
2014-09-13 14:57:44.859  INFO 7408 [main] --- c.m.s.s.ApiListingReferenceScanner       : RequestMappingInfo did not match any include patterns: | {[/api-docs],methods=[GET],params=[],headers=[],consumes=[],produces=[],custom=[]}
2014-09-13 14:57:44.860  INFO 7408 [main] --- c.m.s.s.ApiListingReferenceScanner       : RequestMappingInfo did not match any include patterns: | {[/api-docs/{swaggerGroup}/{apiDeclaration}],methods=[GET],params=[],headers=[],consumes=[],produces=[],custom=[]}
2014-09-13 14:57:44.860  INFO 7408 [main] --- c.m.s.s.ApiListingReferenceScanner       : RequestMappingInfo did not match any include patterns: | {[/error],methods=[],params=[],headers=[],consumes=[],produces=[],custom=[]}
2014-09-13 14:57:44.860  INFO 7408 [main] --- c.m.s.s.ApiListingReferenceScanner       : RequestMappingInfo did not match any include patterns: | {[/error],methods=[],params=[],headers=[],consumes=[],produces=[text/html],custom=[]}
2014-09-13 14:57:44.860  INFO 7408 [main] --- c.m.s.s.ApiListingReferenceScanner       : Created resource listing Path: /manage/endpoint-mvc-adapter Description: endpoint-mvc-adapter Position: 0
2014-09-13 14:57:44.860  INFO 7408 [main] --- c.m.s.s.ApiListingReferenceScanner       : Created resource listing Path: /manage/environment-mvc-endpoint Description: environment-mvc-endpoint Position: 0
2014-09-13 14:57:44.860  INFO 7408 [main] --- c.m.s.s.ApiListingReferenceScanner       : Created resource listing Path: /manage/health-mvc-endpoint Description: health-mvc-endpoint Position: 0
2014-09-13 14:57:44.860  INFO 7408 [main] --- c.m.s.s.ApiListingReferenceScanner       : Created resource listing Path: /manage/metrics-mvc-endpoint Description: metrics-mvc-endpoint Position: 0
2014-09-13 14:57:44.873  INFO 7408 [main] --- c.m.s.core.SwaggerApiResourceListing     : Added a resource listing with (4) api resources: 
2014-09-13 14:57:44.873  INFO 7408 [main] --- c.m.s.core.SwaggerApiResourceListing     :   Endpoint Mvc Adapter at location: /api-docs/manage/endpoint-mvc-adapter
2014-09-13 14:57:44.873  INFO 7408 [main] --- c.m.s.core.SwaggerApiResourceListing     :   Environment Mvc Endpoint at location: /api-docs/manage/environment-mvc-endpoint
2014-09-13 14:57:44.873  INFO 7408 [main] --- c.m.s.core.SwaggerApiResourceListing     :   Health Mvc Endpoint at location: /api-docs/manage/health-mvc-endpoint
2014-09-13 14:57:44.873  INFO 7408 [main] --- c.m.s.core.SwaggerApiResourceListing     :   Metrics Mvc Endpoint at location: /api-docs/manage/metrics-mvc-endpoint
2014-09-13 14:57:44.924  INFO 7408 [main] --- s.b.c.e.t.TomcatEmbeddedServletContainer : Tomcat started on port(s): 8080/http
2014-09-13 14:57:44.926  INFO 7408 [main] --- c.a.apps.kitchenbattle.Application       : Started Application in 17.448 seconds (JVM running for 19.02)
2014-09-13 14:57:52.270  INFO 7408 [http-nio-8080-exec-1] --- o.a.c.c.C.[Tomcat].[localhost].[/]       : Initializing Spring FrameworkServlet 'dispatcherServlet'
2014-09-13 14:57:52.270  INFO 7408 [http-nio-8080-exec-1] --- o.s.web.servlet.DispatcherServlet        : FrameworkServlet 'dispatcherServlet': initialization started
2014-09-13 14:57:52.310  INFO 7408 [http-nio-8080-exec-1] --- o.s.web.servlet.DispatcherServlet        : FrameworkServlet 'dispatcherServlet': initialization completed in 39 ms
2014-09-13 14:57:52.375  INFO 7408 [http-nio-8080-exec-1] --- o.s.b.a.audit.listener.AuditListener     : AuditEvent [timestamp=Sat Sep 13 14:57:52 CEST 2014, principal=anonymousUser, type=AUTHORIZATION_FAILURE, data={type=org.springframework.security.access.AccessDeniedException, message=Zugriff verweigert}]
2014-09-13 14:57:58.178  INFO 7408 [http-nio-8080-exec-3] --- o.s.b.a.audit.listener.AuditListener     : AuditEvent [timestamp=Sat Sep 13 14:57:58 CEST 2014, principal=patrick, type=AUTHENTICATION_SUCCESS, data={details=org.springframework.security.web.authentication.WebAuthenticationDetails@fffbcba8: RemoteIpAddress: 0:0:0:0:0:0:0:1; SessionId: D35CD900384963B5BE5992208CD0B641}]
2014-09-13 14:57:58.181  INFO 7408 [http-nio-8080-exec-3] --- o.s.b.a.audit.listener.AuditListener     : AuditEvent [timestamp=Sat Sep 13 14:57:58 CEST 2014, principal=patrick, type=AUTHENTICATION_SUCCESS, data={details=org.springframework.security.web.authentication.WebAuthenticationDetails@fffbcba8: RemoteIpAddress: 0:0:0:0:0:0:0:1; SessionId: D35CD900384963B5BE5992208CD0B641}]
2014-09-13 14:59:34.129  INFO 7408 [http-nio-8080-exec-8] --- o.s.b.a.audit.listener.AuditListener     : AuditEvent [timestamp=Sat Sep 13 14:59:34 CEST 2014, principal=patrick, type=AUTHENTICATION_SUCCESS, data={details=org.springframework.security.web.authentication.WebAuthenticationDetails@b364: RemoteIpAddress: 0:0:0:0:0:0:0:1; SessionId: null}]
2014-09-13 14:59:34.130  INFO 7408 [http-nio-8080-exec-8] --- o.s.b.a.audit.listener.AuditListener     : AuditEvent [timestamp=Sat Sep 13 14:59:34 CEST 2014, principal=patrick, type=AUTHENTICATION_SUCCESS, data={details=org.springframework.security.web.authentication.WebAuthenticationDetails@b364: RemoteIpAddress: 0:0:0:0:0:0:0:1; SessionId: null}]
